<?xml version="1.0" encoding="UTF-8"?>
<!-- Generated by org.testng.reporters.JUnitXMLReporter -->
<testsuite hostname="VVVV" name="Default test" tests="2" failures="0" timestamp="1 Mar 2016 13:11:33 GMT" time="0.11" errors="0">
  <testcase name="@BeforeSuite setUp" time="0.0" classname="com.test.HomePageTest">
    <failure type="org.openqa.selenium.WebDriverException" message="java.net.MalformedURLException: no protocol: &amp;quot;http://www.whiteboxqa.com&amp;quot;
Build info: version: &amp;apos;2.52.0&amp;apos;, revision: &amp;apos;4c2593c&amp;apos;, time: &amp;apos;2016-02-11 19:06:42&amp;apos;
System info: host: &amp;apos;VVVV&amp;apos;, ip: &amp;apos;192.168.1.4&amp;apos;, os.name: &amp;apos;Windows 8.1&amp;apos;, os.arch: &amp;apos;amd64&amp;apos;, os.version: &amp;apos;6.3&amp;apos;, java.version: &amp;apos;1.8.0_73&amp;apos;
Driver info: driver.version: PageDriver">
      <![CDATA[org.openqa.selenium.WebDriverException: java.net.MalformedURLException: no protocol: "http://www.whiteboxqa.com"
Build info: version: '2.52.0', revision: '4c2593c', time: '2016-02-11 19:06:42'
System info: host: 'VVVV', ip: '192.168.1.4', os.name: 'Windows 8.1', os.arch: 'amd64', os.version: '6.3', java.version: '1.8.0_73'
Driver info: driver.version: PageDriver
	at org.openqa.selenium.htmlunit.HtmlUnitDriver.get(HtmlUnitDriver.java:527)
	at com.util.PageDriver.intializeBrowser(PageDriver.java:47)
	at com.util.PageDriver.<init>(PageDriver.java:23)
	at com.base.BaseTest.setUp(BaseTest.java:24)
	at sun.reflect.NativeMethodAccessorImpl.invoke0(Native Method)
	at sun.reflect.NativeMethodAccessorImpl.invoke(Unknown Source)
	at sun.reflect.DelegatingMethodAccessorImpl.invoke(Unknown Source)
	at java.lang.reflect.Method.invoke(Unknown Source)
	at org.testng.internal.MethodInvocationHelper.invokeMethod(MethodInvocationHelper.java:85)
	at org.testng.internal.Invoker.invokeConfigurationMethod(Invoker.java:510)
	at org.testng.internal.Invoker.invokeConfigurations(Invoker.java:211)
	at org.testng.internal.Invoker.invokeConfigurations(Invoker.java:138)
	at org.testng.SuiteRunner.privateRun(SuiteRunner.java:298)
	at org.testng.SuiteRunner.run(SuiteRunner.java:261)
	at org.testng.SuiteRunnerWorker.runSuite(SuiteRunnerWorker.java:52)
	at org.testng.SuiteRunnerWorker.run(SuiteRunnerWorker.java:86)
	at org.testng.TestNG.runSuitesSequentially(TestNG.java:1215)
	at org.testng.TestNG.runSuitesLocally(TestNG.java:1140)
	at org.testng.TestNG.run(TestNG.java:1048)
	at org.testng.remote.RemoteTestNG.run(RemoteTestNG.java:112)
	at org.testng.remote.RemoteTestNG.initAndRun(RemoteTestNG.java:205)
	at org.testng.remote.RemoteTestNG.main(RemoteTestNG.java:176)
Caused by: java.net.MalformedURLException: no protocol: "http://www.whiteboxqa.com"
	at java.net.URL.<init>(Unknown Source)
	at java.net.URL.<init>(Unknown Source)
	at java.net.URL.<init>(Unknown Source)
	at org.openqa.selenium.htmlunit.HtmlUnitDriver.get(HtmlUnitDriver.java:525)
	... 21 more
]]>
    </failure>
  </testcase> <!-- @BeforeSuite setUp -->
  <testcase name="@BeforeClass intialize" time="0.0" classname="com.test.HomePageTest">
    <skipped/>
  </testcase> <!-- @BeforeClass intialize -->
  <testcase name="testClickLogin" time="0.007" classname="com.test.HomePageTest">
    <skipped/>
  </testcase> <!-- testClickLogin -->
  <testcase name="testCountSocialIcons" time="0.005" classname="com.test.HomePageTest">
    <skipped/>
  </testcase> <!-- testCountSocialIcons -->
</testsuite> <!-- Default test -->
